<?xml version="1.0" encoding="UTF-8"?>
<!-- Generated by org.testng.reporters.JUnitXMLReporter -->
<testsuite ignored="0" hostname="QT-INBG-LT0627" failures="0" tests="25" name="Test" time="36.201" errors="0" timestamp="2022-09-16T17:29:31 IST">
  <testcase classname="phani.TestCases.Sigin" name="launchBrowser" time="4.291"/>
  <testcase classname="phani.TestCases.Sigin" name="clickonsigninbutton" time="1.273"/>
  <testcase classname="phani.TestCases.Sigin" name="enterUserName" time="1.069"/>
  <testcase classname="phani.TestCases.Sigin" name="enterPassword" time="1.102"/>
  <testcase classname="phani.TestCases.Sigin" name="clickOnLogin_Quait" time="0.432"/>
  <testcase classname="phani.TestCases.Signup" name="launchBrowser" time="2.292"/>
  <testcase classname="phani.TestCases.Signup" name="clickOnSignUp" time="2.866"/>
  <testcase classname="phani.TestCases.Signup" name="enterFirstName" time="1.077"/>
  <testcase classname="phani.TestCases.Signup" name="enterLastName" time="1.075"/>
  <testcase classname="phani.TestCases.Signup" name="enterMail" time="1.066"/>
  <testcase classname="phani.TestCases.Signup" name="enterPassword" time="1.068"/>
  <testcase classname="phani.TestCases.Signup" name="enterDOB" time="1.071"/>
  <testcase classname="phani.TestCases.Signup" name="selectGender" time="1.068"/>
  <testcase classname="phani.TestCases.Signup" name="enterPhoneNumber" time="1.065"/>
  <testcase classname="phani.TestCases.Signup" name="clickOnRegister" time="1.141"/>
  <testcase classname="phani.TestCases.Signup" name="clickOnSignIn" time="2.305"/>
  <testcase classname="phani.TestCases.AllMobilesTest" name="OpeningBrowser" time="2.469"/>
  <testcase classname="phani.TestCases.AllMobilesTest" name="allMobilespage" time="0.39"/>
  <testcase classname="phani.TestCases.AllMobilesTest" name="searchingLenovomobiles" time="1.141"/>
  <testcase classname="phani.TestCases.AllMobilesTest" name="searchingSamsungmubiles" time="1.128"/>
  <testcase classname="phani.TestCases.AllMobilesTest" name="wrongApple" time="1.092"/>
  <testcase classname="phani.TestCases.AllMobilesTest" name="wrongSamsung" time="1.082"/>
  <testcase classname="phani.TestCases.AllMobilesTest" name="twoCharacter" time="1.083"/>
  <testcase classname="phani.TestCases.AllMobilesTest" name="InvalidMob" time="1.068"/>
  <testcase classname="phani.TestCases.AllMobilesTest" name="order" time="2.384"/>
</testsuite> <!-- Test -->
