<?xml version="1.0" encoding="UTF-8"?>
<!-- Generated by org.testng.reporters.JUnitXMLReporter -->
<testsuite ignored="0" hostname="QT-INBG-LT0627" failures="0" tests="9" name="Default test" time="13.952" errors="0" timestamp="2022-09-16T16:44:43 IST">
  <testcase classname="phani.TestCases.AllMobilesTest" name="OpeningBrowser" time="4.295"/>
  <testcase classname="phani.TestCases.AllMobilesTest" name="allMobilespage" time="0.388"/>
  <testcase classname="phani.TestCases.AllMobilesTest" name="searchingLenovomobiles" time="1.227"/>
  <testcase classname="phani.TestCases.AllMobilesTest" name="searchingSamsungmubiles" time="1.16"/>
  <testcase classname="phani.TestCases.AllMobilesTest" name="wrongApple" time="1.098"/>
  <testcase classname="phani.TestCases.AllMobilesTest" name="wrongSamsung" time="1.081"/>
  <testcase classname="phani.TestCases.AllMobilesTest" name="twoCharacter" time="1.095"/>
  <testcase classname="phani.TestCases.AllMobilesTest" name="InvalidMob" time="1.097"/>
  <testcase classname="phani.TestCases.AllMobilesTest" name="order" time="2.443"/>
</testsuite> <!-- Default test -->
